#-----------------------------------------------------------
# Vivado v2019.1 (64-bit)
# SW Build 2552052 on Fri May 24 14:49:42 MDT 2019
# IP Build 2548770 on Fri May 24 18:01:18 MDT 2019
# Start of session at: Thu May 21 16:34:52 2020
# Process ID: 11548
# Current directory: C:/Users/semen/AppData/Roaming/Xilinx/Vivado
# Command line: vivado.exe -gui_launcher_event rodinguilauncherevent10092
# Log file: C:/Users/semen/AppData/Roaming/Xilinx/Vivado/vivado.log
# Journal file: C:/Users/semen/AppData/Roaming/Xilinx/Vivado\vivado.jou
#-----------------------------------------------------------
start_gui
open_project C:/Users/semen/VivadoAssignments/Assignment5/Assignment5.xpr
Scanning sources...
Finished scanning sources
INFO: [IP_Flow 19-234] Refreshing IP repositories
INFO: [IP_Flow 19-1704] No user IP repositories specified
INFO: [IP_Flow 19-2313] Loaded Vivado IP repository 'C:/Xilinx/Vivado/2019.1/data/ip'.
open_project: Time (s): cpu = 00:00:16 ; elapsed = 00:00:22 . Memory (MB): peak = 598.234 ; gain = 22.695
update_compile_order -fileset sources_1
archive_project C:/Users/semen/VivadoAssignments/Lab5.xpr.zip -temp_dir C:/Users/semen/AppData/Roaming/Xilinx/Vivado/.Xil/Vivado-11548-LAPTOP-TRB6KBSS -force -include_local_ip_cache
INFO: [Coretcl 2-137] starting archive...
INFO: [Coretcl 2-1499] Saving project copy to temporary location 'C:/Users/semen/AppData/Roaming/Xilinx/Vivado/.Xil/Vivado-11548-LAPTOP-TRB6KBSS' for archiving project
Scanning sources...
Finished scanning sources
INFO: [Coretcl 2-1211] Creating project copy for archival...
INFO: [ProjectBase 1-495] The host OS only allows 260 characters in a normal path. The project is stored in a path with more than 80 characters. If you experience any problem with archiving the project, please consider setting environment variable $TEMP to a shorter path.
Current project path is 'C:/Users/semen/AppData/Roaming/Xilinx/Vivado/.Xil/Vivado-11548-LAPTOP-TRB6KBSS/PrjAr/_X_'.
INFO: [Coretcl 2-1213] Including run results for 'synth_1'
INFO: [Coretcl 2-1213] Including run results for 'impl_1'
INFO: [Coretcl 2-1212] Importing remotely added design sources and verilog include files (if any)...
INFO: [filemgmt 20-348] Importing the appropriate files for fileset: 'sim_1'
INFO: [filemgmt 20-348] Importing the appropriate files for fileset: 'sources_1'
INFO: [Coretcl 2-1209] Adding archive summary file to the project...
INFO: [Coretcl 2-1214] Preparing project files for archive...
INFO: [Coretcl 2-1210] Compressing project files and data...
INFO: [Coretcl 2-1215] Project archived (C:/Users/semen/VivadoAssignments/Lab5.xpr.zip)
INFO: [Coretcl 2-1216] To view the archive summary log in GUI, double click on 'Design Sources->Text->archive_project_summary.txt', or open this file from the archived project directory.
archive_project: Time (s): cpu = 00:00:05 ; elapsed = 00:00:08 . Memory (MB): peak = 628.871 ; gain = 11.930
close_project
open_project C:/Users/semen/VivadoAssignments/Assignment6/Assignment6.xpr
CRITICAL WARNING: [Project 1-19] Could not find the file 'C:/Users/semen/Desktop/Lab8/memfileAnalysis.dat'.
Scanning sources...
Finished scanning sources
INFO: [IP_Flow 19-234] Refreshing IP repositories
INFO: [IP_Flow 19-1704] No user IP repositories specified
INFO: [IP_Flow 19-2313] Loaded Vivado IP repository 'C:/Xilinx/Vivado/2019.1/data/ip'.
open_project: Time (s): cpu = 00:00:11 ; elapsed = 00:00:10 . Memory (MB): peak = 665.156 ; gain = 36.285
update_compile_order -fileset sources_1
set_property is_enabled true [get_files  C:/Users/semen/Downloads/memfile.dat]
export_ip_user_files -of_objects  [get_files C:/Users/semen/Desktop/Lab8/memfileAnalysis.dat] -no_script -reset -force -quiet
remove_files  C:/Users/semen/Desktop/Lab8/memfileAnalysis.dat
export_ip_user_files -of_objects  [get_files C:/Users/semen/VivadoAssignments/Assignment6/Assignment6.srcs/sources_1/new/and_4.v] -no_script -reset -force -quiet
remove_files  C:/Users/semen/VivadoAssignments/Assignment6/Assignment6.srcs/sources_1/new/and_4.v
archive_project C:/Users/semen/VivadoAssignments/Lab6.xpr.zip -temp_dir C:/Users/semen/AppData/Roaming/Xilinx/Vivado/.Xil/Vivado-11548-LAPTOP-TRB6KBSS -force -include_local_ip_cache
INFO: [Coretcl 2-137] starting archive...
INFO: [Coretcl 2-1499] Saving project copy to temporary location 'C:/Users/semen/AppData/Roaming/Xilinx/Vivado/.Xil/Vivado-11548-LAPTOP-TRB6KBSS' for archiving project
Scanning sources...
Finished scanning sources
INFO: [Coretcl 2-1211] Creating project copy for archival...
INFO: [ProjectBase 1-495] The host OS only allows 260 characters in a normal path. The project is stored in a path with more than 80 characters. If you experience any problem with archiving the project, please consider setting environment variable $TEMP to a shorter path.
Current project path is 'C:/Users/semen/AppData/Roaming/Xilinx/Vivado/.Xil/Vivado-11548-LAPTOP-TRB6KBSS/PrjAr/_X_'.
INFO: [Coretcl 2-1213] Including run results for 'synth_1'
INFO: [Coretcl 2-1213] Including run results for 'impl_1'
INFO: [Coretcl 2-1212] Importing remotely added design sources and verilog include files (if any)...
INFO: [filemgmt 20-348] Importing the appropriate files for fileset: 'constrs_1'
INFO: [filemgmt 20-348] Importing the appropriate files for fileset: 'sim_1'
INFO: [filemgmt 20-348] Importing the appropriate files for fileset: 'sources_1'
INFO: [Coretcl 2-1209] Adding archive summary file to the project...
INFO: [Coretcl 2-1214] Preparing project files for archive...
INFO: [Coretcl 2-1210] Compressing project files and data...
INFO: [Coretcl 2-1215] Project archived (C:/Users/semen/VivadoAssignments/Lab6.xpr.zip)
INFO: [Coretcl 2-1216] To view the archive summary log in GUI, double click on 'Design Sources->Text->archive_project_summary.txt', or open this file from the archived project directory.
archive_project: Time (s): cpu = 00:00:08 ; elapsed = 00:00:16 . Memory (MB): peak = 687.109 ; gain = 3.797
close_project
open_project C:/Users/semen/VivadoAssignments/Assignment7/Assignment7.xpr
Scanning sources...
Finished scanning sources
INFO: [IP_Flow 19-234] Refreshing IP repositories
INFO: [IP_Flow 19-1704] No user IP repositories specified
INFO: [IP_Flow 19-2313] Loaded Vivado IP repository 'C:/Xilinx/Vivado/2019.1/data/ip'.
open_project: Time (s): cpu = 00:00:06 ; elapsed = 00:00:06 . Memory (MB): peak = 689.051 ; gain = 1.941
update_compile_order -fileset sources_1
archive_project C:/Users/semen/VivadoAssignments/Lab7.xpr.zip -temp_dir C:/Users/semen/AppData/Roaming/Xilinx/Vivado/.Xil/Vivado-11548-LAPTOP-TRB6KBSS -force -include_local_ip_cache
INFO: [Coretcl 2-137] starting archive...
INFO: [Coretcl 2-1499] Saving project copy to temporary location 'C:/Users/semen/AppData/Roaming/Xilinx/Vivado/.Xil/Vivado-11548-LAPTOP-TRB6KBSS' for archiving project
Scanning sources...
Finished scanning sources
INFO: [Coretcl 2-1211] Creating project copy for archival...
INFO: [ProjectBase 1-495] The host OS only allows 260 characters in a normal path. The project is stored in a path with more than 80 characters. If you experience any problem with archiving the project, please consider setting environment variable $TEMP to a shorter path.
Current project path is 'C:/Users/semen/AppData/Roaming/Xilinx/Vivado/.Xil/Vivado-11548-LAPTOP-TRB6KBSS/PrjAr/_X_'.
INFO: [Coretcl 2-1213] Including run results for 'synth_1'
INFO: [Coretcl 2-1213] Including run results for 'impl_1'
INFO: [Coretcl 2-1212] Importing remotely added design sources and verilog include files (if any)...
INFO: [filemgmt 20-348] Importing the appropriate files for fileset: 'constrs_1'
INFO: [filemgmt 20-348] Importing the appropriate files for fileset: 'sim_1'
INFO: [filemgmt 20-348] Importing the appropriate files for fileset: 'sources_1'
INFO: [Coretcl 2-1209] Adding archive summary file to the project...
INFO: [Coretcl 2-1214] Preparing project files for archive...
INFO: [Coretcl 2-1210] Compressing project files and data...
INFO: [Coretcl 2-1215] Project archived (C:/Users/semen/VivadoAssignments/Lab7.xpr.zip)
INFO: [Coretcl 2-1216] To view the archive summary log in GUI, double click on 'Design Sources->Text->archive_project_summary.txt', or open this file from the archived project directory.
archive_project: Time (s): cpu = 00:00:02 ; elapsed = 00:00:06 . Memory (MB): peak = 691.441 ; gain = 2.391
close_project
open_project C:/Users/semen/VivadoAssignments/8Pipe/Lab8Pipe/Lab8Pipe.xpr
Scanning sources...
Finished scanning sources
INFO: [IP_Flow 19-234] Refreshing IP repositories
INFO: [IP_Flow 19-1704] No user IP repositories specified
INFO: [IP_Flow 19-2313] Loaded Vivado IP repository 'C:/Xilinx/Vivado/2019.1/data/ip'.
open_project: Time (s): cpu = 00:00:06 ; elapsed = 00:00:06 . Memory (MB): peak = 709.172 ; gain = 17.559
update_compile_order -fileset sources_1
export_ip_user_files -of_objects  [get_files C:/Users/semen/VivadoAssignments/Lab8Pipe/Assignment8.srcs/sources_1/new/dreg.v] -no_script -reset -force -quiet
remove_files  C:/Users/semen/VivadoAssignments/Lab8Pipe/Assignment8.srcs/sources_1/new/dreg.v
archive_project C:/Users/semen/VivadoAssignments/8Pipe/Lab8.xpr.zip -temp_dir C:/Users/semen/AppData/Roaming/Xilinx/Vivado/.Xil/Vivado-11548-LAPTOP-TRB6KBSS -force -include_local_ip_cache
INFO: [Coretcl 2-137] starting archive...
INFO: [Coretcl 2-1499] Saving project copy to temporary location 'C:/Users/semen/AppData/Roaming/Xilinx/Vivado/.Xil/Vivado-11548-LAPTOP-TRB6KBSS' for archiving project
Scanning sources...
Finished scanning sources
INFO: [Coretcl 2-1211] Creating project copy for archival...
INFO: [ProjectBase 1-495] The host OS only allows 260 characters in a normal path. The project is stored in a path with more than 80 characters. If you experience any problem with archiving the project, please consider setting environment variable $TEMP to a shorter path.
Current project path is 'C:/Users/semen/AppData/Roaming/Xilinx/Vivado/.Xil/Vivado-11548-LAPTOP-TRB6KBSS/PrjAr/_X_'.
INFO: [Coretcl 2-1213] Including run results for 'synth_1'
INFO: [Coretcl 2-1213] Including run results for 'impl_1'
INFO: [Coretcl 2-1212] Importing remotely added design sources and verilog include files (if any)...
INFO: [filemgmt 20-348] Importing the appropriate files for fileset: 'constrs_1'
INFO: [filemgmt 20-348] Importing the appropriate files for fileset: 'sim_1'
INFO: [filemgmt 20-348] Importing the appropriate files for fileset: 'sources_1'
